<?xml version="1.0" encoding="UTF-8"?>
<!-- Generated by org.testng.reporters.JUnitReportReporter -->
<testsuite hostname="TinhTinTao" failures="0" tests="2" name="Excel.fpoly" time="0.004" errors="0" timestamp="2023-04-08T20:32:21 ICT" skipped="0">
  <testcase classname="Excel.fpoly" name="testFunction1" time="0.004"/>
  <system-out/>
  <testcase classname="Excel.fpoly" name="testFunction2" time="0.000"/>
  <system-out/>
</testsuite> <!-- Excel.fpoly -->
