<?xml version="1.0" encoding="UTF-8"?>
<!-- Generated by org.testng.reporters.JUnitReportReporter -->
<testsuite hostname="TinhTinTao" failures="0" tests="1" name="Excel.SignInTest" time="2.762" errors="0" timestamp="2023-04-10T13:21:02 ICT" skipped="0">
  <testcase classname="Excel.SignInTest" name="signInPage" time="2.762"/>
  <system-out/>
</testsuite> <!-- Excel.SignInTest -->
