<?xml version="1.0" encoding="UTF-8"?>
<!-- Generated by org.testng.reporters.JUnitReportReporter -->
<testsuite hostname="TinhTinTao" failures="0" tests="1" name="com.edusys.DAOTest.ThematicDAOTest" time="1.065" errors="0" timestamp="2023-04-05T20:48:37 ICT" skipped="0">
  <testcase classname="com.edusys.DAOTest.ThematicDAOTest" name="testSelectAll" time="1.065"/>
  <system-out/>
</testsuite> <!-- com.edusys.DAOTest.ThematicDAOTest -->
